<?xml version="1.0" encoding="UTF-8"?>
<!-- Generated by org.testng.reporters.JUnitXMLReporter -->
<testsuite ignored="0" hostname="GurjeetSushil" failures="0" tests="3" name="Default test" time="1.426" errors="0" timestamp="2023-06-11T02:29:17 BST">
  <testcase classname="OpenWeatherAPI" name="GetWeather" time="0.005"/>
  <testcase classname="OpenWeatherAPI" name="getLongLat" time="1.157"/>
  <testcase classname="OpenWeatherAPI" name="getLongLat" time="0.232"/>
</testsuite> <!-- Default test -->
