<?xml version="1.0" encoding="UTF-8"?>
<testng-results ignored="0" total="3" passed="3" failed="0" skipped="0">
  <reporter-output>
  </reporter-output>
  <suite started-at="2023-06-11T22:34:56 BST" name="Default suite" finished-at="2023-06-11T22:34:58 BST" duration-ms="1874">
    <groups>
    </groups>
    <test started-at="2023-06-11T22:34:56 BST" name="Default test" finished-at="2023-06-11T22:34:58 BST" duration-ms="1874">
      <class name="OpenWeatherAPI">
        <test-method signature="getLongLat(java.lang.String,java.lang.String)[pri:0, instance:OpenWeatherAPI@6d4c273c]" started-at="2023-06-11T22:34:56 BST" name="getLongLat" data-provider="dataprovider" finished-at="2023-06-11T22:34:57 BST" duration-ms="1349" status="PASS">
          <params>
            <param index="0">
              <value>
                <![CDATA[London]]>
              </value>
            </param>
            <param index="1">
              <value>
                <![CDATA[metric]]>
              </value>
            </param>
          </params>
          <reporter-output>
          </reporter-output>
        </test-method> <!-- getLongLat -->
        <test-method signature="getLongLat(java.lang.String,java.lang.String)[pri:0, instance:OpenWeatherAPI@6d4c273c]" started-at="2023-06-11T22:34:57 BST" name="getLongLat" data-provider="dataprovider" finished-at="2023-06-11T22:34:57 BST" duration-ms="279" status="PASS">
          <params>
            <param index="0">
              <value>
                <![CDATA[Chicago]]>
              </value>
            </param>
            <param index="1">
              <value>
                <![CDATA[imperial]]>
              </value>
            </param>
          </params>
          <reporter-output>
          </reporter-output>
        </test-method> <!-- getLongLat -->
        <test-method signature="getLongLat(java.lang.String,java.lang.String)[pri:0, instance:OpenWeatherAPI@6d4c273c]" started-at="2023-06-11T22:34:57 BST" name="getLongLat" data-provider="dataprovider" finished-at="2023-06-11T22:34:58 BST" duration-ms="216" status="PASS">
          <params>
            <param index="0">
              <value>
                <![CDATA[Rome]]>
              </value>
            </param>
            <param index="1">
              <value>
                <![CDATA[imperial]]>
              </value>
            </param>
          </params>
          <reporter-output>
          </reporter-output>
        </test-method> <!-- getLongLat -->
      </class> <!-- OpenWeatherAPI -->
    </test> <!-- Default test -->
  </suite> <!-- Default suite -->
</testng-results>
