<?xml version="1.0" encoding="UTF-8"?>
<testng-results ignored="0" total="3" passed="3" failed="0" skipped="0">
  <reporter-output>
  </reporter-output>
  <suite started-at="2023-06-11T02:29:16 BST" name="Default suite" finished-at="2023-06-11T02:29:17 BST" duration-ms="1426">
    <groups>
    </groups>
    <test started-at="2023-06-11T02:29:16 BST" name="Default test" finished-at="2023-06-11T02:29:17 BST" duration-ms="1426">
      <class name="OpenWeatherAPI">
        <test-method signature="GetWeather()[pri:0, instance:OpenWeatherAPI@5a67e962]" started-at="2023-06-11T02:29:16 BST" name="GetWeather" finished-at="2023-06-11T02:29:16 BST" duration-ms="5" status="PASS">
          <reporter-output>
          </reporter-output>
        </test-method> <!-- GetWeather -->
        <test-method signature="getLongLat(java.lang.String)[pri:0, instance:OpenWeatherAPI@5a67e962]" started-at="2023-06-11T02:29:16 BST" name="getLongLat" data-provider="dataprovider" finished-at="2023-06-11T02:29:17 BST" duration-ms="1157" status="PASS">
          <params>
            <param index="0">
              <value>
                <![CDATA[London]]>
              </value>
            </param>
          </params>
          <reporter-output>
          </reporter-output>
        </test-method> <!-- getLongLat -->
        <test-method signature="getLongLat(java.lang.String)[pri:0, instance:OpenWeatherAPI@5a67e962]" started-at="2023-06-11T02:29:17 BST" name="getLongLat" data-provider="dataprovider" finished-at="2023-06-11T02:29:17 BST" duration-ms="232" status="PASS">
          <params>
            <param index="0">
              <value>
                <![CDATA[Chicago]]>
              </value>
            </param>
          </params>
          <reporter-output>
          </reporter-output>
        </test-method> <!-- getLongLat -->
      </class> <!-- OpenWeatherAPI -->
    </test> <!-- Default test -->
  </suite> <!-- Default suite -->
</testng-results>
